#! /opt/homebrew/Cellar/icarus-verilog/12.0/bin/vvp
:ivl_version "12.0 (stable)";
:ivl_delay_selection "TYPICAL";
:vpi_time_precision - 12;
:vpi_module "/opt/homebrew/Cellar/icarus-verilog/12.0/lib/ivl/system.vpi";
:vpi_module "/opt/homebrew/Cellar/icarus-verilog/12.0/lib/ivl/vhdl_sys.vpi";
:vpi_module "/opt/homebrew/Cellar/icarus-verilog/12.0/lib/ivl/vhdl_textio.vpi";
:vpi_module "/opt/homebrew/Cellar/icarus-verilog/12.0/lib/ivl/v2005_math.vpi";
:vpi_module "/opt/homebrew/Cellar/icarus-verilog/12.0/lib/ivl/va_math.vpi";
S_0x125f08c10 .scope module, "top_tb" "top_tb" 2 3;
 .timescale -9 -12;
v0x125f44f10_0 .var "clk", 0 0;
v0x125f45030_0 .var "reset", 0 0;
v0x125f45140_0 .net "rx_data", 7 0, v0x125f434f0_0;  1 drivers
v0x125f451d0_0 .net "rx_done", 0 0, v0x125f43590_0;  1 drivers
v0x125f45260_0 .net "tx", 0 0, v0x125f44250_0;  1 drivers
v0x125f453b0_0 .net "tx_busy", 0 0, v0x125f442e0_0;  1 drivers
v0x125f45440_0 .var "tx_data", 7 0;
v0x125f454d0_0 .net "tx_done", 0 0, v0x125f44480_0;  1 drivers
v0x125f455a0_0 .var "tx_start", 0 0;
E_0x125f286a0 .event posedge, v0x125f43590_0;
E_0x125f1d480 .event posedge, v0x125f44480_0;
S_0x125f08d80 .scope module, "dut" "top" 2 18, 3 1 0, S_0x125f08c10;
 .timescale 0 0;
    .port_info 0 /INPUT 1 "clk";
    .port_info 1 /INPUT 1 "reset";
    .port_info 2 /INPUT 1 "tx_start";
    .port_info 3 /INPUT 8 "tx_data";
    .port_info 4 /OUTPUT 1 "tx";
    .port_info 5 /OUTPUT 1 "tx_busy";
    .port_info 6 /OUTPUT 1 "tx_done";
    .port_info 7 /INPUT 1 "rx";
    .port_info 8 /OUTPUT 8 "rx_data";
    .port_info 9 /OUTPUT 1 "rx_done";
v0x125f44640_0 .net "clk", 0 0, v0x125f44f10_0;  1 drivers
v0x125f446e0_0 .net "reset", 0 0, v0x125f45030_0;  1 drivers
v0x125f44780_0 .net "rx", 0 0, v0x125f44250_0;  alias, 1 drivers
v0x125f44850_0 .net "rx_data", 7 0, v0x125f434f0_0;  alias, 1 drivers
v0x125f448e0_0 .net "rx_done", 0 0, v0x125f43590_0;  alias, 1 drivers
v0x125f449b0_0 .net "rx_enb", 0 0, L_0x125f45a60;  1 drivers
v0x125f44a80_0 .net "tx", 0 0, v0x125f44250_0;  alias, 1 drivers
v0x125f44b10_0 .net "tx_busy", 0 0, v0x125f442e0_0;  alias, 1 drivers
v0x125f44ba0_0 .net "tx_data", 7 0, v0x125f45440_0;  1 drivers
v0x125f44cb0_0 .net "tx_done", 0 0, v0x125f44480_0;  alias, 1 drivers
v0x125f44d40_0 .net "tx_enb", 0 0, L_0x125f45790;  1 drivers
v0x125f44e10_0 .net "tx_start", 0 0, v0x125f455a0_0;  1 drivers
S_0x125f103e0 .scope module, "baud_gen" "baud_rate_generator" 3 23, 4 1 0, S_0x125f08d80;
 .timescale 0 0;
    .port_info 0 /INPUT 1 "clk";
    .port_info 1 /INPUT 1 "reset";
    .port_info 2 /OUTPUT 1 "tx_enb";
    .port_info 3 /OUTPUT 1 "rx_enb";
P_0x125f10550 .param/l "BAUD_RATE" 0 4 3, +C4<00000000000000000010010110000000>;
P_0x125f10590 .param/l "CLK_FREQ" 0 4 2, +C4<00000010111110101111000010000000>;
P_0x125f105d0 .param/l "RX_cycles" 1 4 12, +C4<0000000000000000000000000000000000000000000000000000000101000101>;
P_0x125f10610 .param/l "TX_cycles" 1 4 11, +C4<00000000000000000001010001011000>;
v0x125f113e0_0 .net *"_ivl_0", 31 0, L_0x125f456b0;  1 drivers
L_0x1280780a0 .functor BUFT 1, C4<000000000000000000000000000000000000000000000000000000>, C4<0>, C4<0>, C4<0>;
v0x125f42500_0 .net *"_ivl_11", 53 0, L_0x1280780a0;  1 drivers
L_0x1280780e8 .functor BUFT 1, C4<0000000000000000000000000000000000000000000000000000000101000100>, C4<0>, C4<0>, C4<0>;
v0x125f425a0_0 .net/2u *"_ivl_12", 63 0, L_0x1280780e8;  1 drivers
L_0x128078010 .functor BUFT 1, C4<0000000000000000000>, C4<0>, C4<0>, C4<0>;
v0x125f42630_0 .net *"_ivl_3", 18 0, L_0x128078010;  1 drivers
L_0x128078058 .functor BUFT 1, C4<00000000000000000001010001010111>, C4<0>, C4<0>, C4<0>;
v0x125f426c0_0 .net/2u *"_ivl_4", 31 0, L_0x128078058;  1 drivers
v0x125f42790_0 .net *"_ivl_8", 63 0, L_0x125f458b0;  1 drivers
v0x125f42840_0 .net "clk", 0 0, v0x125f44f10_0;  alias, 1 drivers
v0x125f428e0_0 .var "counter_rx", 9 0;
v0x125f42990_0 .var "counter_tx", 12 0;
v0x125f42aa0_0 .net "reset", 0 0, v0x125f45030_0;  alias, 1 drivers
v0x125f42b40_0 .net "rx_enb", 0 0, L_0x125f45a60;  alias, 1 drivers
v0x125f42be0_0 .net "tx_enb", 0 0, L_0x125f45790;  alias, 1 drivers
E_0x125f0a3b0 .event posedge, v0x125f42840_0;
L_0x125f456b0 .concat [ 13 19 0 0], v0x125f42990_0, L_0x128078010;
L_0x125f45790 .cmp/eq 32, L_0x125f456b0, L_0x128078058;
L_0x125f458b0 .concat [ 10 54 0 0], v0x125f428e0_0, L_0x1280780a0;
L_0x125f45a60 .cmp/eq 64, L_0x125f458b0, L_0x1280780e8;
S_0x125f42ce0 .scope module, "rx_inst" "uart_RX" 3 41, 5 1 0, S_0x125f08d80;
 .timescale 0 0;
    .port_info 0 /INPUT 1 "clk";
    .port_info 1 /INPUT 1 "reset";
    .port_info 2 /INPUT 1 "sample_tick";
    .port_info 3 /INPUT 1 "rx";
    .port_info 4 /OUTPUT 8 "rx_data";
    .port_info 5 /OUTPUT 1 "rx_done";
P_0x125f42ea0 .param/l "data_state" 0 5 12, C4<10>;
P_0x125f42ee0 .param/l "idle_state" 0 5 10, C4<00>;
P_0x125f42f20 .param/l "start_state" 0 5 11, C4<01>;
P_0x125f42f60 .param/l "stop_state" 0 5 13, C4<11>;
v0x125f43160_0 .var "bit_count", 2 0;
v0x125f43200_0 .net "clk", 0 0, v0x125f44f10_0;  alias, 1 drivers
v0x125f432c0_0 .var "curr_state", 1 0;
v0x125f43370_0 .net "reset", 0 0, v0x125f45030_0;  alias, 1 drivers
v0x125f43420_0 .net "rx", 0 0, v0x125f44250_0;  alias, 1 drivers
v0x125f434f0_0 .var "rx_data", 7 0;
v0x125f43590_0 .var "rx_done", 0 0;
v0x125f43630_0 .var "sample_count", 3 0;
v0x125f436e0_0 .net "sample_tick", 0 0, L_0x125f45a60;  alias, 1 drivers
v0x125f437f0_0 .var "shift_reg", 7 0;
S_0x125f438e0 .scope module, "tx_inst" "uart_TX" 3 30, 6 1 0, S_0x125f08d80;
 .timescale 0 0;
    .port_info 0 /INPUT 1 "clk";
    .port_info 1 /INPUT 1 "reset";
    .port_info 2 /INPUT 1 "tx_start";
    .port_info 3 /INPUT 1 "baud_tick";
    .port_info 4 /INPUT 8 "tx_data";
    .port_info 5 /OUTPUT 1 "tx";
    .port_info 6 /OUTPUT 1 "tx_busy";
    .port_info 7 /OUTPUT 1 "tx_done";
P_0x125f43ac0 .param/l "data_state" 0 6 13, C4<10>;
P_0x125f43b00 .param/l "idle_state" 0 6 11, C4<00>;
P_0x125f43b40 .param/l "start_state" 0 6 12, C4<01>;
P_0x125f43b80 .param/l "stop_state" 0 6 14, C4<11>;
v0x125f43dd0_0 .net "baud_tick", 0 0, L_0x125f45790;  alias, 1 drivers
v0x125f43e80_0 .var "bit_count", 2 0;
v0x125f43f20_0 .net "clk", 0 0, v0x125f44f10_0;  alias, 1 drivers
v0x125f44010_0 .var "curr_state", 1 0;
v0x125f440b0_0 .net "reset", 0 0, v0x125f45030_0;  alias, 1 drivers
v0x125f441c0_0 .var "shift_reg", 7 0;
v0x125f44250_0 .var "tx", 0 0;
v0x125f442e0_0 .var "tx_busy", 0 0;
v0x125f44370_0 .net "tx_data", 7 0, v0x125f45440_0;  alias, 1 drivers
v0x125f44480_0 .var "tx_done", 0 0;
v0x125f44520_0 .net "tx_start", 0 0, v0x125f455a0_0;  alias, 1 drivers
    .scope S_0x125f103e0;
T_0 ;
    %wait E_0x125f0a3b0;
    %load/vec4 v0x125f42aa0_0;
    %flag_set/vec4 8;
    %jmp/0xz  T_0.0, 8;
    %pushi/vec4 0, 0, 13;
    %assign/vec4 v0x125f42990_0, 0;
    %jmp T_0.1;
T_0.0 ;
    %load/vec4 v0x125f42990_0;
    %pad/u 32;
    %cmpi/e 5207, 0, 32;
    %jmp/0xz  T_0.2, 4;
    %pushi/vec4 0, 0, 13;
    %assign/vec4 v0x125f42990_0, 0;
    %jmp T_0.3;
T_0.2 ;
    %load/vec4 v0x125f42990_0;
    %addi 1, 0, 13;
    %assign/vec4 v0x125f42990_0, 0;
T_0.3 ;
T_0.1 ;
    %jmp T_0;
    .thread T_0;
    .scope S_0x125f103e0;
T_1 ;
    %wait E_0x125f0a3b0;
    %load/vec4 v0x125f42aa0_0;
    %flag_set/vec4 8;
    %jmp/0xz  T_1.0, 8;
    %pushi/vec4 0, 0, 10;
    %assign/vec4 v0x125f428e0_0, 0;
    %jmp T_1.1;
T_1.0 ;
    %load/vec4 v0x125f428e0_0;
    %pad/u 64;
    %cmpi/e 324, 0, 64;
    %jmp/0xz  T_1.2, 4;
    %pushi/vec4 0, 0, 10;
    %assign/vec4 v0x125f428e0_0, 0;
    %jmp T_1.3;
T_1.2 ;
    %load/vec4 v0x125f428e0_0;
    %addi 1, 0, 10;
    %assign/vec4 v0x125f428e0_0, 0;
T_1.3 ;
T_1.1 ;
    %jmp T_1;
    .thread T_1;
    .scope S_0x125f438e0;
T_2 ;
    %wait E_0x125f0a3b0;
    %load/vec4 v0x125f440b0_0;
    %flag_set/vec4 8;
    %jmp/0xz  T_2.0, 8;
    %pushi/vec4 0, 0, 2;
    %assign/vec4 v0x125f44010_0, 0;
    %pushi/vec4 1, 0, 1;
    %assign/vec4 v0x125f44250_0, 0;
    %pushi/vec4 0, 0, 1;
    %assign/vec4 v0x125f442e0_0, 0;
    %pushi/vec4 0, 0, 1;
    %assign/vec4 v0x125f44480_0, 0;
    %pushi/vec4 0, 0, 8;
    %assign/vec4 v0x125f441c0_0, 0;
    %pushi/vec4 0, 0, 3;
    %assign/vec4 v0x125f43e80_0, 0;
    %jmp T_2.1;
T_2.0 ;
    %pushi/vec4 0, 0, 1;
    %assign/vec4 v0x125f44480_0, 0;
    %load/vec4 v0x125f44010_0;
    %dup/vec4;
    %pushi/vec4 0, 0, 2;
    %cmp/u;
    %jmp/1 T_2.2, 6;
    %dup/vec4;
    %pushi/vec4 1, 0, 2;
    %cmp/u;
    %jmp/1 T_2.3, 6;
    %dup/vec4;
    %pushi/vec4 2, 0, 2;
    %cmp/u;
    %jmp/1 T_2.4, 6;
    %dup/vec4;
    %pushi/vec4 3, 0, 2;
    %cmp/u;
    %jmp/1 T_2.5, 6;
    %pushi/vec4 0, 0, 2;
    %assign/vec4 v0x125f44010_0, 0;
    %pushi/vec4 1, 0, 1;
    %assign/vec4 v0x125f44250_0, 0;
    %pushi/vec4 0, 0, 1;
    %assign/vec4 v0x125f442e0_0, 0;
    %pushi/vec4 0, 0, 1;
    %assign/vec4 v0x125f44480_0, 0;
    %jmp T_2.7;
T_2.2 ;
    %pushi/vec4 1, 0, 1;
    %assign/vec4 v0x125f44250_0, 0;
    %pushi/vec4 0, 0, 1;
    %assign/vec4 v0x125f442e0_0, 0;
    %load/vec4 v0x125f44520_0;
    %flag_set/vec4 8;
    %jmp/0xz  T_2.8, 8;
    %pushi/vec4 1, 0, 2;
    %assign/vec4 v0x125f44010_0, 0;
    %load/vec4 v0x125f44370_0;
    %assign/vec4 v0x125f441c0_0, 0;
    %pushi/vec4 0, 0, 3;
    %assign/vec4 v0x125f43e80_0, 0;
    %pushi/vec4 1, 0, 1;
    %assign/vec4 v0x125f442e0_0, 0;
    %jmp T_2.9;
T_2.8 ;
    %pushi/vec4 0, 0, 2;
    %assign/vec4 v0x125f44010_0, 0;
T_2.9 ;
    %jmp T_2.7;
T_2.3 ;
    %pushi/vec4 0, 0, 1;
    %assign/vec4 v0x125f44250_0, 0;
    %load/vec4 v0x125f43dd0_0;
    %flag_set/vec4 8;
    %jmp/0xz  T_2.10, 8;
    %pushi/vec4 2, 0, 2;
    %assign/vec4 v0x125f44010_0, 0;
    %jmp T_2.11;
T_2.10 ;
    %pushi/vec4 1, 0, 2;
    %assign/vec4 v0x125f44010_0, 0;
T_2.11 ;
    %jmp T_2.7;
T_2.4 ;
    %load/vec4 v0x125f441c0_0;
    %parti/s 1, 0, 2;
    %assign/vec4 v0x125f44250_0, 0;
    %load/vec4 v0x125f43dd0_0;
    %flag_set/vec4 8;
    %jmp/0xz  T_2.12, 8;
    %load/vec4 v0x125f441c0_0;
    %ix/load 4, 1, 0;
    %flag_set/imm 4, 0;
    %shiftr 4;
    %assign/vec4 v0x125f441c0_0, 0;
    %load/vec4 v0x125f43e80_0;
    %cmpi/e 7, 0, 3;
    %jmp/0xz  T_2.14, 4;
    %pushi/vec4 0, 0, 3;
    %assign/vec4 v0x125f43e80_0, 0;
    %pushi/vec4 3, 0, 2;
    %assign/vec4 v0x125f44010_0, 0;
    %jmp T_2.15;
T_2.14 ;
    %load/vec4 v0x125f43e80_0;
    %addi 1, 0, 3;
    %assign/vec4 v0x125f43e80_0, 0;
T_2.15 ;
    %jmp T_2.13;
T_2.12 ;
    %pushi/vec4 2, 0, 2;
    %assign/vec4 v0x125f44010_0, 0;
T_2.13 ;
    %jmp T_2.7;
T_2.5 ;
    %pushi/vec4 1, 0, 1;
    %assign/vec4 v0x125f44250_0, 0;
    %load/vec4 v0x125f43dd0_0;
    %flag_set/vec4 8;
    %jmp/0xz  T_2.16, 8;
    %pushi/vec4 0, 0, 2;
    %assign/vec4 v0x125f44010_0, 0;
    %pushi/vec4 1, 0, 1;
    %assign/vec4 v0x125f44480_0, 0;
    %pushi/vec4 0, 0, 1;
    %assign/vec4 v0x125f442e0_0, 0;
T_2.16 ;
    %jmp T_2.7;
T_2.7 ;
    %pop/vec4 1;
T_2.1 ;
    %jmp T_2;
    .thread T_2;
    .scope S_0x125f42ce0;
T_3 ;
    %wait E_0x125f0a3b0;
    %load/vec4 v0x125f43370_0;
    %flag_set/vec4 8;
    %jmp/0xz  T_3.0, 8;
    %pushi/vec4 0, 0, 2;
    %assign/vec4 v0x125f432c0_0, 0;
    %pushi/vec4 0, 0, 3;
    %assign/vec4 v0x125f43160_0, 0;
    %pushi/vec4 0, 0, 8;
    %assign/vec4 v0x125f437f0_0, 0;
    %pushi/vec4 0, 0, 4;
    %assign/vec4 v0x125f43630_0, 0;
    %jmp T_3.1;
T_3.0 ;
    %pushi/vec4 0, 0, 1;
    %assign/vec4 v0x125f43590_0, 0;
    %load/vec4 v0x125f432c0_0;
    %dup/vec4;
    %pushi/vec4 0, 0, 2;
    %cmp/u;
    %jmp/1 T_3.2, 6;
    %dup/vec4;
    %pushi/vec4 1, 0, 2;
    %cmp/u;
    %jmp/1 T_3.3, 6;
    %dup/vec4;
    %pushi/vec4 2, 0, 2;
    %cmp/u;
    %jmp/1 T_3.4, 6;
    %dup/vec4;
    %pushi/vec4 3, 0, 2;
    %cmp/u;
    %jmp/1 T_3.5, 6;
    %pushi/vec4 0, 0, 2;
    %assign/vec4 v0x125f432c0_0, 0;
    %jmp T_3.7;
T_3.2 ;
    %pushi/vec4 0, 0, 4;
    %assign/vec4 v0x125f43630_0, 0;
    %load/vec4 v0x125f43420_0;
    %cmpi/e 0, 0, 1;
    %jmp/0xz  T_3.8, 4;
    %pushi/vec4 1, 0, 2;
    %assign/vec4 v0x125f432c0_0, 0;
    %jmp T_3.9;
T_3.8 ;
    %pushi/vec4 0, 0, 2;
    %assign/vec4 v0x125f432c0_0, 0;
T_3.9 ;
    %jmp T_3.7;
T_3.3 ;
    %load/vec4 v0x125f436e0_0;
    %flag_set/vec4 8;
    %jmp/0xz  T_3.10, 8;
    %load/vec4 v0x125f43630_0;
    %cmpi/e 7, 0, 4;
    %jmp/0xz  T_3.12, 4;
    %load/vec4 v0x125f43420_0;
    %pad/u 32;
    %cmpi/e 0, 0, 32;
    %jmp/0xz  T_3.14, 4;
    %pushi/vec4 0, 0, 4;
    %assign/vec4 v0x125f43630_0, 0;
    %pushi/vec4 2, 0, 2;
    %assign/vec4 v0x125f432c0_0, 0;
    %jmp T_3.15;
T_3.14 ;
    %pushi/vec4 0, 0, 2;
    %assign/vec4 v0x125f432c0_0, 0;
T_3.15 ;
    %jmp T_3.13;
T_3.12 ;
    %load/vec4 v0x125f43630_0;
    %addi 1, 0, 4;
    %assign/vec4 v0x125f43630_0, 0;
T_3.13 ;
T_3.10 ;
    %jmp T_3.7;
T_3.4 ;
    %load/vec4 v0x125f436e0_0;
    %flag_set/vec4 8;
    %jmp/0xz  T_3.16, 8;
    %load/vec4 v0x125f43630_0;
    %cmpi/e 15, 0, 4;
    %jmp/0xz  T_3.18, 4;
    %pushi/vec4 0, 0, 4;
    %assign/vec4 v0x125f43630_0, 0;
    %load/vec4 v0x125f437f0_0;
    %ix/load 4, 1, 0;
    %flag_set/imm 4, 0;
    %shiftr 4;
    %assign/vec4 v0x125f437f0_0, 0;
    %load/vec4 v0x125f43420_0;
    %ix/load 4, 7, 0;
    %ix/load 5, 0, 0;
    %flag_set/imm 4, 0;
    %assign/vec4/off/d v0x125f437f0_0, 4, 5;
    %load/vec4 v0x125f43160_0;
    %cmpi/e 7, 0, 3;
    %jmp/0xz  T_3.20, 4;
    %pushi/vec4 3, 0, 2;
    %assign/vec4 v0x125f432c0_0, 0;
    %pushi/vec4 0, 0, 3;
    %assign/vec4 v0x125f43160_0, 0;
    %jmp T_3.21;
T_3.20 ;
    %load/vec4 v0x125f43160_0;
    %addi 1, 0, 3;
    %assign/vec4 v0x125f43160_0, 0;
T_3.21 ;
    %jmp T_3.19;
T_3.18 ;
    %load/vec4 v0x125f43630_0;
    %addi 1, 0, 4;
    %assign/vec4 v0x125f43630_0, 0;
T_3.19 ;
T_3.16 ;
    %jmp T_3.7;
T_3.5 ;
    %load/vec4 v0x125f436e0_0;
    %flag_set/vec4 8;
    %jmp/0xz  T_3.22, 8;
    %load/vec4 v0x125f43630_0;
    %cmpi/e 15, 0, 4;
    %jmp/0xz  T_3.24, 4;
    %load/vec4 v0x125f43420_0;
    %cmpi/e 1, 0, 1;
    %jmp/0xz  T_3.26, 4;
    %load/vec4 v0x125f437f0_0;
    %assign/vec4 v0x125f434f0_0, 0;
    %pushi/vec4 1, 0, 1;
    %assign/vec4 v0x125f43590_0, 0;
T_3.26 ;
    %pushi/vec4 0, 0, 4;
    %assign/vec4 v0x125f43630_0, 0;
    %pushi/vec4 0, 0, 2;
    %assign/vec4 v0x125f432c0_0, 0;
    %jmp T_3.25;
T_3.24 ;
    %load/vec4 v0x125f43630_0;
    %addi 1, 0, 4;
    %assign/vec4 v0x125f43630_0, 0;
T_3.25 ;
T_3.22 ;
    %jmp T_3.7;
T_3.7 ;
    %pop/vec4 1;
T_3.1 ;
    %jmp T_3;
    .thread T_3;
    .scope S_0x125f08c10;
T_4 ;
    %pushi/vec4 1, 0, 1;
    %store/vec4 v0x125f44f10_0, 0, 1;
T_4.0 ;
    %delay 10000, 0;
    %load/vec4 v0x125f44f10_0;
    %inv;
    %store/vec4 v0x125f44f10_0, 0, 1;
    %jmp T_4.0;
    %end;
    .thread T_4;
    .scope S_0x125f08c10;
T_5 ;
    %delay 2115098112, 3;
    %vpi_call 2 40 "$display", "TIMEOUT" {0 0 0};
    %vpi_call 2 41 "$finish" {0 0 0};
    %end;
    .thread T_5;
    .scope S_0x125f08c10;
T_6 ;
    %vpi_call 2 46 "$display", "Simulation Started" {0 0 0};
    %vpi_call 2 48 "$dumpfile", "uart_top.vcd" {0 0 0};
    %vpi_call 2 49 "$dumpvars", 32'sb00000000000000000000000000000000, S_0x125f08c10 {0 0 0};
    %vpi_call 2 50 "$dumpvars", 32'sb00000000000000000000000000000000, S_0x125f08d80 {0 0 0};
    %pushi/vec4 1, 0, 1;
    %store/vec4 v0x125f45030_0, 0, 1;
    %pushi/vec4 0, 0, 1;
    %store/vec4 v0x125f455a0_0, 0, 1;
    %pushi/vec4 0, 0, 8;
    %store/vec4 v0x125f45440_0, 0, 8;
    %delay 100000, 0;
    %pushi/vec4 0, 0, 1;
    %store/vec4 v0x125f45030_0, 0, 1;
    %delay 100000, 0;
    %pushi/vec4 85, 0, 8;
    %store/vec4 v0x125f45440_0, 0, 8;
    %pushi/vec4 1, 0, 1;
    %store/vec4 v0x125f455a0_0, 0, 1;
    %delay 20000, 0;
    %pushi/vec4 0, 0, 1;
    %store/vec4 v0x125f455a0_0, 0, 1;
    %wait E_0x125f286a0;
    %vpi_call 2 72 "$display", "Received = %h", v0x125f45140_0 {0 0 0};
    %load/vec4 v0x125f45140_0;
    %cmpi/e 85, 0, 8;
    %jmp/0xz  T_6.0, 4;
    %vpi_call 2 75 "$display", "TEST1 PASSED" {0 0 0};
    %jmp T_6.1;
T_6.0 ;
    %vpi_call 2 77 "$display", "TEST1 FAILED" {0 0 0};
T_6.1 ;
    %delay 100000000, 0;
    %pushi/vec4 163, 0, 8;
    %store/vec4 v0x125f45440_0, 0, 8;
    %pushi/vec4 1, 0, 1;
    %store/vec4 v0x125f455a0_0, 0, 1;
    %delay 20000, 0;
    %pushi/vec4 0, 0, 1;
    %store/vec4 v0x125f455a0_0, 0, 1;
    %wait E_0x125f286a0;
    %vpi_call 2 91 "$display", "Received = %h", v0x125f45140_0 {0 0 0};
    %load/vec4 v0x125f45140_0;
    %cmpi/e 163, 0, 8;
    %jmp/0xz  T_6.2, 4;
    %vpi_call 2 94 "$display", "TEST2 PASSED" {0 0 0};
    %jmp T_6.3;
T_6.2 ;
    %vpi_call 2 96 "$display", "TEST2 FAILED" {0 0 0};
T_6.3 ;
    %delay 10000000, 0;
    %vpi_call 2 100 "$display", "Simulation Finished" {0 0 0};
    %vpi_call 2 101 "$finish" {0 0 0};
    %end;
    .thread T_6;
    .scope S_0x125f08c10;
T_7 ;
    %wait E_0x125f1d480;
    %vpi_call 2 106 "$display", "[%0t] TX_DONE", $time {0 0 0};
    %jmp T_7;
    .thread T_7;
    .scope S_0x125f08c10;
T_8 ;
    %wait E_0x125f286a0;
    %vpi_call 2 109 "$display", "[%0t] RX_DONE Data = %h", $time, v0x125f45140_0 {0 0 0};
    %jmp T_8;
    .thread T_8;
# The file index is used to find the file name in the following table.
:file_names 7;
    "N/A";
    "<interactive>";
    "top_tb.v";
    "top.v";
    "baud_rate_generator.v";
    "uart_RX.v";
    "uart_TX.v";
